0 info it worked if it ends with ok
1 verbose cli [ '/usr/bin/node',
1 verbose cli   '/usr/bin/npm',
1 verbose cli   'install',
1 verbose cli   '--save-dev',
1 verbose cli   'gulp' ]
2 info using npm@1.4.23
3 info using node@v0.10.31
4 verbose node symlink /usr/bin/node
5 verbose cache add [ 'gulp', null ]
6 verbose cache add name=undefined spec="gulp" args=["gulp",null]
7 verbose parsed url { protocol: null,
7 verbose parsed url   slashes: null,
7 verbose parsed url   auth: null,
7 verbose parsed url   host: null,
7 verbose parsed url   port: null,
7 verbose parsed url   hostname: null,
7 verbose parsed url   hash: null,
7 verbose parsed url   search: null,
7 verbose parsed url   query: null,
7 verbose parsed url   pathname: 'gulp',
7 verbose parsed url   path: 'gulp',
7 verbose parsed url   href: 'gulp' }
8 silly lockFile 9750c68d-gulp gulp
9 verbose lock gulp /home/icalvay/.npm/9750c68d-gulp.lock
10 silly lockFile 9750c68d-gulp gulp
11 silly lockFile 9750c68d-gulp gulp
12 verbose addNamed [ 'gulp', '' ]
13 verbose addNamed [ null, '*' ]
14 silly lockFile 72f4391e-gulp gulp@
15 verbose lock gulp@ /home/icalvay/.npm/72f4391e-gulp.lock
16 silly addNameRange { name: 'gulp', range: '*', hasData: false }
17 verbose request where is /gulp
18 verbose request registry https://registry.npmjs.org/
19 verbose request id 6504f990432574ab
20 verbose url raw /gulp
21 verbose url resolving [ 'https://registry.npmjs.org/', './gulp' ]
22 verbose url resolved https://registry.npmjs.org/gulp
23 verbose request where is https://registry.npmjs.org/gulp
24 info trying registry request attempt 1 at 17:29:09
25 http GET https://registry.npmjs.org/gulp
26 http 200 https://registry.npmjs.org/gulp
27 silly registry.get cb [ 200,
27 silly registry.get   { date: 'Mon, 08 Sep 2014 22:29:10 GMT',
27 silly registry.get     server: 'CouchDB/1.5.0 (Erlang OTP/R16B03)',
27 silly registry.get     etag: '"17H0YQ2B0MHPQDYSATZQLOCTO"',
27 silly registry.get     'content-type': 'application/json',
27 silly registry.get     'cache-control': 'max-age=60',
27 silly registry.get     'content-length': '90544',
27 silly registry.get     'accept-ranges': 'bytes',
27 silly registry.get     via: '1.1 varnish',
27 silly registry.get     age: '117',
27 silly registry.get     'x-served-by': 'cache-at50-ATL',
27 silly registry.get     'x-cache': 'HIT',
27 silly registry.get     'x-cache-hits': '2',
27 silly registry.get     'x-timer': 'S1410215350.422712,VS0,VE0',
27 silly registry.get     vary: 'Accept',
27 silly registry.get     'keep-alive': 'timeout=10, max=50',
27 silly registry.get     connection: 'Keep-Alive' } ]
28 silly addNameRange number 2 { name: 'gulp', range: '*', hasData: true }
29 silly addNameRange versions [ 'gulp',
29 silly addNameRange   [ '0.0.1',
29 silly addNameRange     '0.0.2',
29 silly addNameRange     '0.0.3',
29 silly addNameRange     '0.0.4',
29 silly addNameRange     '0.0.5',
29 silly addNameRange     '0.0.7',
29 silly addNameRange     '0.0.8',
29 silly addNameRange     '0.0.9',
29 silly addNameRange     '0.1.0',
29 silly addNameRange     '0.2.0',
29 silly addNameRange     '1.0.0',
29 silly addNameRange     '1.1.0',
29 silly addNameRange     '1.2.0',
29 silly addNameRange     '1.2.1',
29 silly addNameRange     '2.0.0',
29 silly addNameRange     '2.0.1',
29 silly addNameRange     '2.1.0',
29 silly addNameRange     '2.2.0',
29 silly addNameRange     '2.3.0',
29 silly addNameRange     '2.4.0',
29 silly addNameRange     '2.4.1',
29 silly addNameRange     '2.6.0',
29 silly addNameRange     '2.6.1',
29 silly addNameRange     '2.7.0',
29 silly addNameRange     '3.0.0',
29 silly addNameRange     '3.1.1',
29 silly addNameRange     '3.1.2',
29 silly addNameRange     '3.1.3',
29 silly addNameRange     '3.1.4',
29 silly addNameRange     '3.2.0',
29 silly addNameRange     '3.2.1',
29 silly addNameRange     '3.2.2',
29 silly addNameRange     '3.2.3',
29 silly addNameRange     '3.2.4',
29 silly addNameRange     '3.2.5',
29 silly addNameRange     '3.3.0',
29 silly addNameRange     '3.3.1',
29 silly addNameRange     '3.3.2',
29 silly addNameRange     '3.3.4',
29 silly addNameRange     '3.4.0',
29 silly addNameRange     '3.5.0',
29 silly addNameRange     '3.5.1',
29 silly addNameRange     '3.5.2',
29 silly addNameRange     '3.5.5',
29 silly addNameRange     '3.5.6',
29 silly addNameRange     '3.6.0',
29 silly addNameRange     '3.6.1',
29 silly addNameRange     '3.6.2',
29 silly addNameRange     '3.7.0',
29 silly addNameRange     '3.8.0',
29 silly addNameRange     '3.8.1',
29 silly addNameRange     '3.8.2',
29 silly addNameRange     '3.8.3',
29 silly addNameRange     '3.8.4',
29 silly addNameRange     '3.8.5',
29 silly addNameRange     '3.8.6',
29 silly addNameRange     '3.8.7',
29 silly addNameRange     '3.8.8' ] ]
30 verbose addNamed [ 'gulp', '3.8.8' ]
31 verbose addNamed [ '3.8.8', '3.8.8' ]
32 silly lockFile 9f9512c0-gulp-3-8-8 gulp@3.8.8
33 verbose lock gulp@3.8.8 /home/icalvay/.npm/9f9512c0-gulp-3-8-8.lock
34 silly lockFile f4c4d9a7-ry-npmjs-org-gulp-gulp-3-8-8-tgz https://registry.npmjs.org/gulp/-/gulp-3.8.8.tgz
35 verbose lock https://registry.npmjs.org/gulp/-/gulp-3.8.8.tgz /home/icalvay/.npm/f4c4d9a7-ry-npmjs-org-gulp-gulp-3-8-8-tgz.lock
36 verbose addRemoteTarball [ 'https://registry.npmjs.org/gulp/-/gulp-3.8.8.tgz',
36 verbose addRemoteTarball   '0b0473e7cdfd04c785184513938397d4552cfe96' ]
37 info retry fetch attempt 1 at 17:29:11
38 verbose fetch to= /tmp/npm-23280-fecys5NB/registry.npmjs.org/gulp/-/gulp-3.8.8.tgz
39 http GET https://registry.npmjs.org/gulp/-/gulp-3.8.8.tgz
40 http 200 https://registry.npmjs.org/gulp/-/gulp-3.8.8.tgz
41 silly lockFile f4c4d9a7-ry-npmjs-org-gulp-gulp-3-8-8-tgz https://registry.npmjs.org/gulp/-/gulp-3.8.8.tgz
42 silly lockFile f4c4d9a7-ry-npmjs-org-gulp-gulp-3-8-8-tgz https://registry.npmjs.org/gulp/-/gulp-3.8.8.tgz
43 silly lockFile 9f9512c0-gulp-3-8-8 gulp@3.8.8
44 silly lockFile 9f9512c0-gulp-3-8-8 gulp@3.8.8
45 silly lockFile 72f4391e-gulp gulp@
46 silly lockFile 72f4391e-gulp gulp@
47 silly resolved [ { name: 'gulp',
47 silly resolved     description: 'The streaming build system',
47 silly resolved     version: '3.8.8',
47 silly resolved     homepage: 'http://gulpjs.com',
47 silly resolved     repository: { type: 'git', url: 'https://github.com/gulpjs/gulp' },
47 silly resolved     author:
47 silly resolved      { name: 'Fractal',
47 silly resolved        email: 'contact@wearefractal.com',
47 silly resolved        url: 'http://wearefractal.com/' },
47 silly resolved     tags: [ 'build', 'stream', 'system', 'make', 'tool', 'asset', 'pipeline' ],
47 silly resolved     files: [ 'index.js', 'lib', 'bin', 'completion' ],
47 silly resolved     bin: { gulp: './bin/gulp.js' },
47 silly resolved     man: [ 'gulp.1' ],
47 silly resolved     dependencies:
47 silly resolved      { archy: '^0.0.2',
47 silly resolved        chalk: '^0.5.0',
47 silly resolved        deprecated: '^0.0.1',
47 silly resolved        'gulp-util': '^3.0.0',
47 silly resolved        interpret: '^0.3.2',
47 silly resolved        liftoff: '^0.12.0',
47 silly resolved        minimist: '^1.1.0',
47 silly resolved        orchestrator: '^0.3.0',
47 silly resolved        'pretty-hrtime': '^0.2.0',
47 silly resolved        semver: '^3.0.1',
47 silly resolved        tildify: '^1.0.0',
47 silly resolved        'vinyl-fs': '^0.3.0' },
47 silly resolved     devDependencies:
47 silly resolved      { coveralls: '^2.7.0',
47 silly resolved        'graceful-fs': '^3.0.0',
47 silly resolved        istanbul: '^0.3.0',
47 silly resolved        jshint: '^2.5.0',
47 silly resolved        'jshint-stylish': '^0.4.0',
47 silly resolved        'marked-man': '^0.1.3',
47 silly resolved        mkdirp: '^0.5.0',
47 silly resolved        mocha: '^1.17.0',
47 silly resolved        'mocha-lcov-reporter': '^0.0.1',
47 silly resolved        q: '^1.0.0',
47 silly resolved        rimraf: '^2.2.5',
47 silly resolved        should: '^4.0.0' },
47 silly resolved     scripts:
47 silly resolved      { prepublish: 'marked-man --name gulp docs/CLI.md > gulp.1',
47 silly resolved        lint: 'jshint lib bin index.js --reporter node_modules/jshint-stylish/stylish.js --exclude node_modules',
47 silly resolved        test: 'npm run-script lint && mocha --reporter spec',
47 silly resolved        coveralls: 'istanbul cover _mocha --report lcovonly -- -R spec && cat ./coverage/lcov.info | coveralls && rm -rf ./coverage' },
47 silly resolved     engineStrict: true,
47 silly resolved     engines: { node: '>= 0.9' },
47 silly resolved     licenses: [ [Object] ],
47 silly resolved     gitHead: '8f505c92c2066ab1ccd3011c1c7d81c4d2aa958e',
47 silly resolved     bugs: { url: 'https://github.com/gulpjs/gulp/issues' },
47 silly resolved     _id: 'gulp@3.8.8',
47 silly resolved     _shasum: '0b0473e7cdfd04c785184513938397d4552cfe96',
47 silly resolved     _from: 'gulp@',
47 silly resolved     _npmVersion: '1.4.21',
47 silly resolved     _npmUser: { name: 'fractal', email: 'contact@wearefractal.com' },
47 silly resolved     maintainers: [ [Object] ],
47 silly resolved     dist:
47 silly resolved      { shasum: '0b0473e7cdfd04c785184513938397d4552cfe96',
47 silly resolved        tarball: 'http://registry.npmjs.org/gulp/-/gulp-3.8.8.tgz' },
47 silly resolved     directories: {},
47 silly resolved     _resolved: 'https://registry.npmjs.org/gulp/-/gulp-3.8.8.tgz' } ]
48 info install gulp@3.8.8 into /www/4Rest
49 info installOne gulp@3.8.8
50 verbose node_modules/gulp unbuild
51 verbose tar unpack /home/icalvay/.npm/gulp/3.8.8/package.tgz
52 silly lockFile df546335-tar-www-4Rest-node-modules-gulp tar:///www/4Rest/node_modules/gulp
53 verbose lock tar:///www/4Rest/node_modules/gulp /home/icalvay/.npm/df546335-tar-www-4Rest-node-modules-gulp.lock
54 silly lockFile e1705f1c-alvay-npm-gulp-3-8-8-package-tgz tar:///home/icalvay/.npm/gulp/3.8.8/package.tgz
55 verbose lock tar:///home/icalvay/.npm/gulp/3.8.8/package.tgz /home/icalvay/.npm/e1705f1c-alvay-npm-gulp-3-8-8-package-tgz.lock
56 silly gunzTarPerm modes [ '775', '664' ]
57 silly gunzTarPerm extractEntry package.json
58 silly gunzTarPerm modified mode [ 'package.json', 420, 436 ]
59 silly gunzTarPerm extractEntry README.md
60 silly gunzTarPerm modified mode [ 'README.md', 420, 436 ]
61 silly gunzTarPerm extractEntry index.js
62 silly gunzTarPerm modified mode [ 'index.js', 420, 436 ]
63 silly gunzTarPerm extractEntry bin/gulp.js
64 silly gunzTarPerm modified mode [ 'bin/gulp.js', 493, 509 ]
65 silly gunzTarPerm extractEntry completion/README.md
66 silly gunzTarPerm modified mode [ 'completion/README.md', 420, 436 ]
67 silly gunzTarPerm extractEntry completion/bash
68 silly gunzTarPerm modified mode [ 'completion/bash', 420, 436 ]
69 silly gunzTarPerm extractEntry completion/powershell
70 silly gunzTarPerm modified mode [ 'completion/powershell', 420, 436 ]
71 silly gunzTarPerm extractEntry completion/zsh
72 silly gunzTarPerm modified mode [ 'completion/zsh', 420, 436 ]
73 silly gunzTarPerm extractEntry lib/completion.js
74 silly gunzTarPerm modified mode [ 'lib/completion.js', 420, 436 ]
75 silly gunzTarPerm extractEntry lib/taskTree.js
76 silly gunzTarPerm modified mode [ 'lib/taskTree.js', 420, 436 ]
77 silly lockFile df546335-tar-www-4Rest-node-modules-gulp tar:///www/4Rest/node_modules/gulp
78 silly lockFile df546335-tar-www-4Rest-node-modules-gulp tar:///www/4Rest/node_modules/gulp
79 silly lockFile e1705f1c-alvay-npm-gulp-3-8-8-package-tgz tar:///home/icalvay/.npm/gulp/3.8.8/package.tgz
80 silly lockFile e1705f1c-alvay-npm-gulp-3-8-8-package-tgz tar:///home/icalvay/.npm/gulp/3.8.8/package.tgz
81 info preinstall gulp@3.8.8
82 verbose readDependencies using package.json deps
83 verbose readDependencies using package.json deps
84 verbose cache add [ 'archy@^0.0.2', null ]
85 verbose cache add name=undefined spec="archy@^0.0.2" args=["archy@^0.0.2",null]
86 verbose parsed url { protocol: null,
86 verbose parsed url   slashes: null,
86 verbose parsed url   auth: null,
86 verbose parsed url   host: null,
86 verbose parsed url   port: null,
86 verbose parsed url   hostname: null,
86 verbose parsed url   hash: null,
86 verbose parsed url   search: null,
86 verbose parsed url   query: null,
86 verbose parsed url   pathname: 'archy@^0.0.2',
86 verbose parsed url   path: 'archy@^0.0.2',
86 verbose parsed url   href: 'archy@^0.0.2' }
87 verbose cache add [ 'chalk@^0.5.0', null ]
88 verbose cache add name=undefined spec="chalk@^0.5.0" args=["chalk@^0.5.0",null]
89 verbose parsed url { protocol: null,
89 verbose parsed url   slashes: null,
89 verbose parsed url   auth: null,
89 verbose parsed url   host: null,
89 verbose parsed url   port: null,
89 verbose parsed url   hostname: null,
89 verbose parsed url   hash: null,
89 verbose parsed url   search: null,
89 verbose parsed url   query: null,
89 verbose parsed url   pathname: 'chalk@^0.5.0',
89 verbose parsed url   path: 'chalk@^0.5.0',
89 verbose parsed url   href: 'chalk@^0.5.0' }
90 verbose cache add [ 'deprecated@^0.0.1', null ]
91 verbose cache add name=undefined spec="deprecated@^0.0.1" args=["deprecated@^0.0.1",null]
92 verbose parsed url { protocol: null,
92 verbose parsed url   slashes: null,
92 verbose parsed url   auth: null,
92 verbose parsed url   host: null,
92 verbose parsed url   port: null,
92 verbose parsed url   hostname: null,
92 verbose parsed url   hash: null,
92 verbose parsed url   search: null,
92 verbose parsed url   query: null,
92 verbose parsed url   pathname: 'deprecated@^0.0.1',
92 verbose parsed url   path: 'deprecated@^0.0.1',
92 verbose parsed url   href: 'deprecated@^0.0.1' }
93 verbose cache add name="archy" spec="^0.0.2" args=["archy","^0.0.2"]
94 verbose parsed url { protocol: null,
94 verbose parsed url   slashes: null,
94 verbose parsed url   auth: null,
94 verbose parsed url   host: null,
94 verbose parsed url   port: null,
94 verbose parsed url   hostname: null,
94 verbose parsed url   hash: null,
94 verbose parsed url   search: null,
94 verbose parsed url   query: null,
94 verbose parsed url   pathname: '^0.0.2',
94 verbose parsed url   path: '^0.0.2',
94 verbose parsed url   href: '^0.0.2' }
95 verbose addNamed [ 'archy', '^0.0.2' ]
96 verbose addNamed [ null, '=0.0.2' ]
97 silly lockFile bdbf708d-archy-0-0-2 archy@^0.0.2
98 verbose lock archy@^0.0.2 /home/icalvay/.npm/bdbf708d-archy-0-0-2.lock
99 verbose cache add name="chalk" spec="^0.5.0" args=["chalk","^0.5.0"]
100 verbose parsed url { protocol: null,
100 verbose parsed url   slashes: null,
100 verbose parsed url   auth: null,
100 verbose parsed url   host: null,
100 verbose parsed url   port: null,
100 verbose parsed url   hostname: null,
100 verbose parsed url   hash: null,
100 verbose parsed url   search: null,
100 verbose parsed url   query: null,
100 verbose parsed url   pathname: '^0.5.0',
100 verbose parsed url   path: '^0.5.0',
100 verbose parsed url   href: '^0.5.0' }
101 verbose addNamed [ 'chalk', '^0.5.0' ]
102 verbose addNamed [ null, '>=0.5.0-0 <0.6.0-0' ]
103 silly lockFile c513ee84-chalk-0-5-0 chalk@^0.5.0
104 verbose lock chalk@^0.5.0 /home/icalvay/.npm/c513ee84-chalk-0-5-0.lock
105 verbose cache add [ 'gulp-util@^3.0.0', null ]
106 verbose cache add name=undefined spec="gulp-util@^3.0.0" args=["gulp-util@^3.0.0",null]
107 verbose parsed url { protocol: null,
107 verbose parsed url   slashes: null,
107 verbose parsed url   auth: null,
107 verbose parsed url   host: null,
107 verbose parsed url   port: null,
107 verbose parsed url   hostname: null,
107 verbose parsed url   hash: null,
107 verbose parsed url   search: null,
107 verbose parsed url   query: null,
107 verbose parsed url   pathname: 'gulp-util@^3.0.0',
107 verbose parsed url   path: 'gulp-util@^3.0.0',
107 verbose parsed url   href: 'gulp-util@^3.0.0' }
108 verbose cache add [ 'interpret@^0.3.2', null ]
109 verbose cache add name=undefined spec="interpret@^0.3.2" args=["interpret@^0.3.2",null]
110 verbose parsed url { protocol: null,
110 verbose parsed url   slashes: null,
110 verbose parsed url   auth: null,
110 verbose parsed url   host: null,
110 verbose parsed url   port: null,
110 verbose parsed url   hostname: null,
110 verbose parsed url   hash: null,
110 verbose parsed url   search: null,
110 verbose parsed url   query: null,
110 verbose parsed url   pathname: 'interpret@^0.3.2',
110 verbose parsed url   path: 'interpret@^0.3.2',
110 verbose parsed url   href: 'interpret@^0.3.2' }
111 verbose cache add name="deprecated" spec="^0.0.1" args=["deprecated","^0.0.1"]
112 verbose parsed url { protocol: null,
112 verbose parsed url   slashes: null,
112 verbose parsed url   auth: null,
112 verbose parsed url   host: null,
112 verbose parsed url   port: null,
112 verbose parsed url   hostname: null,
112 verbose parsed url   hash: null,
112 verbose parsed url   search: null,
112 verbose parsed url   query: null,
112 verbose parsed url   pathname: '^0.0.1',
112 verbose parsed url   path: '^0.0.1',
112 verbose parsed url   href: '^0.0.1' }
113 verbose addNamed [ 'deprecated', '^0.0.1' ]
114 verbose addNamed [ null, '=0.0.1' ]
115 silly lockFile 0e32a569-deprecated-0-0-1 deprecated@^0.0.1
116 verbose lock deprecated@^0.0.1 /home/icalvay/.npm/0e32a569-deprecated-0-0-1.lock
117 verbose cache add name="gulp-util" spec="^3.0.0" args=["gulp-util","^3.0.0"]
118 verbose parsed url { protocol: null,
118 verbose parsed url   slashes: null,
118 verbose parsed url   auth: null,
118 verbose parsed url   host: null,
118 verbose parsed url   port: null,
118 verbose parsed url   hostname: null,
118 verbose parsed url   hash: null,
118 verbose parsed url   search: null,
118 verbose parsed url   query: null,
118 verbose parsed url   pathname: '^3.0.0',
118 verbose parsed url   path: '^3.0.0',
118 verbose parsed url   href: '^3.0.0' }
119 verbose addNamed [ 'gulp-util', '^3.0.0' ]
120 verbose addNamed [ null, '>=3.0.0-0 <4.0.0-0' ]
121 silly lockFile dfa9a863-gulp-util-3-0-0 gulp-util@^3.0.0
122 verbose lock gulp-util@^3.0.0 /home/icalvay/.npm/dfa9a863-gulp-util-3-0-0.lock
123 verbose cache add [ 'liftoff@^0.12.0', null ]
124 verbose cache add name=undefined spec="liftoff@^0.12.0" args=["liftoff@^0.12.0",null]
125 verbose parsed url { protocol: null,
125 verbose parsed url   slashes: null,
125 verbose parsed url   auth: null,
125 verbose parsed url   host: null,
125 verbose parsed url   port: null,
125 verbose parsed url   hostname: null,
125 verbose parsed url   hash: null,
125 verbose parsed url   search: null,
125 verbose parsed url   query: null,
125 verbose parsed url   pathname: 'liftoff@^0.12.0',
125 verbose parsed url   path: 'liftoff@^0.12.0',
125 verbose parsed url   href: 'liftoff@^0.12.0' }
126 verbose cache add [ 'minimist@^1.1.0', null ]
127 verbose cache add name=undefined spec="minimist@^1.1.0" args=["minimist@^1.1.0",null]
128 verbose parsed url { protocol: null,
128 verbose parsed url   slashes: null,
128 verbose parsed url   auth: null,
128 verbose parsed url   host: null,
128 verbose parsed url   port: null,
128 verbose parsed url   hostname: null,
128 verbose parsed url   hash: null,
128 verbose parsed url   search: null,
128 verbose parsed url   query: null,
128 verbose parsed url   pathname: 'minimist@^1.1.0',
128 verbose parsed url   path: 'minimist@^1.1.0',
128 verbose parsed url   href: 'minimist@^1.1.0' }
129 verbose cache add name="interpret" spec="^0.3.2" args=["interpret","^0.3.2"]
130 verbose parsed url { protocol: null,
130 verbose parsed url   slashes: null,
130 verbose parsed url   auth: null,
130 verbose parsed url   host: null,
130 verbose parsed url   port: null,
130 verbose parsed url   hostname: null,
130 verbose parsed url   hash: null,
130 verbose parsed url   search: null,
130 verbose parsed url   query: null,
130 verbose parsed url   pathname: '^0.3.2',
130 verbose parsed url   path: '^0.3.2',
130 verbose parsed url   href: '^0.3.2' }
131 verbose addNamed [ 'interpret', '^0.3.2' ]
132 verbose addNamed [ null, '>=0.3.2-0 <0.4.0-0' ]
133 silly lockFile e5ecc112-interpret-0-3-2 interpret@^0.3.2
134 verbose lock interpret@^0.3.2 /home/icalvay/.npm/e5ecc112-interpret-0-3-2.lock
135 silly addNameRange { name: 'archy', range: '=0.0.2', hasData: false }
136 silly addNameRange { name: 'chalk', range: '>=0.5.0-0 <0.6.0-0', hasData: false }
137 verbose cache add name="liftoff" spec="^0.12.0" args=["liftoff","^0.12.0"]
138 verbose parsed url { protocol: null,
138 verbose parsed url   slashes: null,
138 verbose parsed url   auth: null,
138 verbose parsed url   host: null,
138 verbose parsed url   port: null,
138 verbose parsed url   hostname: null,
138 verbose parsed url   hash: null,
138 verbose parsed url   search: null,
138 verbose parsed url   query: null,
138 verbose parsed url   pathname: '^0.12.0',
138 verbose parsed url   path: '^0.12.0',
138 verbose parsed url   href: '^0.12.0' }
139 verbose addNamed [ 'liftoff', '^0.12.0' ]
140 verbose addNamed [ null, '>=0.12.0-0 <0.13.0-0' ]
141 silly lockFile 6ab62888-liftoff-0-12-0 liftoff@^0.12.0
142 verbose lock liftoff@^0.12.0 /home/icalvay/.npm/6ab62888-liftoff-0-12-0.lock
143 verbose cache add [ 'orchestrator@^0.3.0', null ]
144 verbose cache add name=undefined spec="orchestrator@^0.3.0" args=["orchestrator@^0.3.0",null]
145 verbose parsed url { protocol: null,
145 verbose parsed url   slashes: null,
145 verbose parsed url   auth: null,
145 verbose parsed url   host: null,
145 verbose parsed url   port: null,
145 verbose parsed url   hostname: null,
145 verbose parsed url   hash: null,
145 verbose parsed url   search: null,
145 verbose parsed url   query: null,
145 verbose parsed url   pathname: 'orchestrator@^0.3.0',
145 verbose parsed url   path: 'orchestrator@^0.3.0',
145 verbose parsed url   href: 'orchestrator@^0.3.0' }
146 verbose cache add [ 'pretty-hrtime@^0.2.0', null ]
147 verbose cache add name=undefined spec="pretty-hrtime@^0.2.0" args=["pretty-hrtime@^0.2.0",null]
148 verbose parsed url { protocol: null,
148 verbose parsed url   slashes: null,
148 verbose parsed url   auth: null,
148 verbose parsed url   host: null,
148 verbose parsed url   port: null,
148 verbose parsed url   hostname: null,
148 verbose parsed url   hash: null,
148 verbose parsed url   search: null,
148 verbose parsed url   query: null,
148 verbose parsed url   pathname: 'pretty-hrtime@^0.2.0',
148 verbose parsed url   path: 'pretty-hrtime@^0.2.0',
148 verbose parsed url   href: 'pretty-hrtime@^0.2.0' }
149 verbose cache add [ 'semver@^3.0.1', null ]
150 verbose cache add name=undefined spec="semver@^3.0.1" args=["semver@^3.0.1",null]
151 verbose parsed url { protocol: null,
151 verbose parsed url   slashes: null,
151 verbose parsed url   auth: null,
151 verbose parsed url   host: null,
151 verbose parsed url   port: null,
151 verbose parsed url   hostname: null,
151 verbose parsed url   hash: null,
151 verbose parsed url   search: null,
151 verbose parsed url   query: null,
151 verbose parsed url   pathname: 'semver@^3.0.1',
151 verbose parsed url   path: 'semver@^3.0.1',
151 verbose parsed url   href: 'semver@^3.0.1' }
152 verbose cache add [ 'tildify@^1.0.0', null ]
153 verbose cache add name=undefined spec="tildify@^1.0.0" args=["tildify@^1.0.0",null]
154 verbose parsed url { protocol: null,
154 verbose parsed url   slashes: null,
154 verbose parsed url   auth: null,
154 verbose parsed url   host: null,
154 verbose parsed url   port: null,
154 verbose parsed url   hostname: null,
154 verbose parsed url   hash: null,
154 verbose parsed url   search: null,
154 verbose parsed url   query: null,
154 verbose parsed url   pathname: 'tildify@^1.0.0',
154 verbose parsed url   path: 'tildify@^1.0.0',
154 verbose parsed url   href: 'tildify@^1.0.0' }
155 verbose cache add [ 'vinyl-fs@^0.3.0', null ]
156 verbose cache add name=undefined spec="vinyl-fs@^0.3.0" args=["vinyl-fs@^0.3.0",null]
157 verbose parsed url { protocol: null,
157 verbose parsed url   slashes: null,
157 verbose parsed url   auth: null,
157 verbose parsed url   host: null,
157 verbose parsed url   port: null,
157 verbose parsed url   hostname: null,
157 verbose parsed url   hash: null,
157 verbose parsed url   search: null,
157 verbose parsed url   query: null,
157 verbose parsed url   pathname: 'vinyl-fs@^0.3.0',
157 verbose parsed url   path: 'vinyl-fs@^0.3.0',
157 verbose parsed url   href: 'vinyl-fs@^0.3.0' }
158 verbose cache add name="minimist" spec="^1.1.0" args=["minimist","^1.1.0"]
159 verbose parsed url { protocol: null,
159 verbose parsed url   slashes: null,
159 verbose parsed url   auth: null,
159 verbose parsed url   host: null,
159 verbose parsed url   port: null,
159 verbose parsed url   hostname: null,
159 verbose parsed url   hash: null,
159 verbose parsed url   search: null,
159 verbose parsed url   query: null,
159 verbose parsed url   pathname: '^1.1.0',
159 verbose parsed url   path: '^1.1.0',
159 verbose parsed url   href: '^1.1.0' }
160 verbose addNamed [ 'minimist', '^1.1.0' ]
161 verbose addNamed [ null, '>=1.1.0-0 <2.0.0-0' ]
162 silly lockFile b7cda548-minimist-1-1-0 minimist@^1.1.0
163 verbose lock minimist@^1.1.0 /home/icalvay/.npm/b7cda548-minimist-1-1-0.lock
164 silly addNameRange { name: 'deprecated', range: '=0.0.1', hasData: false }
165 silly addNameRange { name: 'gulp-util',
165 silly addNameRange   range: '>=3.0.0-0 <4.0.0-0',
165 silly addNameRange   hasData: false }
166 verbose cache add name="orchestrator" spec="^0.3.0" args=["orchestrator","^0.3.0"]
167 verbose parsed url { protocol: null,
167 verbose parsed url   slashes: null,
167 verbose parsed url   auth: null,
167 verbose parsed url   host: null,
167 verbose parsed url   port: null,
167 verbose parsed url   hostname: null,
167 verbose parsed url   hash: null,
167 verbose parsed url   search: null,
167 verbose parsed url   query: null,
167 verbose parsed url   pathname: '^0.3.0',
167 verbose parsed url   path: '^0.3.0',
167 verbose parsed url   href: '^0.3.0' }
168 verbose addNamed [ 'orchestrator', '^0.3.0' ]
169 verbose addNamed [ null, '>=0.3.0-0 <0.4.0-0' ]
170 silly lockFile 74d9c599-orchestrator-0-3-0 orchestrator@^0.3.0
171 verbose lock orchestrator@^0.3.0 /home/icalvay/.npm/74d9c599-orchestrator-0-3-0.lock
172 verbose cache add name="pretty-hrtime" spec="^0.2.0" args=["pretty-hrtime","^0.2.0"]
173 verbose parsed url { protocol: null,
173 verbose parsed url   slashes: null,
173 verbose parsed url   auth: null,
173 verbose parsed url   host: null,
173 verbose parsed url   port: null,
173 verbose parsed url   hostname: null,
173 verbose parsed url   hash: null,
173 verbose parsed url   search: null,
173 verbose parsed url   query: null,
173 verbose parsed url   pathname: '^0.2.0',
173 verbose parsed url   path: '^0.2.0',
173 verbose parsed url   href: '^0.2.0' }
174 verbose addNamed [ 'pretty-hrtime', '^0.2.0' ]
175 verbose addNamed [ null, '>=0.2.0-0 <0.3.0-0' ]
176 silly lockFile 3ac7556f-pretty-hrtime-0-2-0 pretty-hrtime@^0.2.0
177 verbose lock pretty-hrtime@^0.2.0 /home/icalvay/.npm/3ac7556f-pretty-hrtime-0-2-0.lock
178 verbose cache add name="semver" spec="^3.0.1" args=["semver","^3.0.1"]
179 verbose parsed url { protocol: null,
179 verbose parsed url   slashes: null,
179 verbose parsed url   auth: null,
179 verbose parsed url   host: null,
179 verbose parsed url   port: null,
179 verbose parsed url   hostname: null,
179 verbose parsed url   hash: null,
179 verbose parsed url   search: null,
179 verbose parsed url   query: null,
179 verbose parsed url   pathname: '^3.0.1',
179 verbose parsed url   path: '^3.0.1',
179 verbose parsed url   href: '^3.0.1' }
180 verbose addNamed [ 'semver', '^3.0.1' ]
181 verbose addNamed [ null, '>=3.0.1-0 <4.0.0-0' ]
182 silly lockFile d12809aa-semver-3-0-1 semver@^3.0.1
183 verbose lock semver@^3.0.1 /home/icalvay/.npm/d12809aa-semver-3-0-1.lock
184 verbose cache add name="tildify" spec="^1.0.0" args=["tildify","^1.0.0"]
185 verbose parsed url { protocol: null,
185 verbose parsed url   slashes: null,
185 verbose parsed url   auth: null,
185 verbose parsed url   host: null,
185 verbose parsed url   port: null,
185 verbose parsed url   hostname: null,
185 verbose parsed url   hash: null,
185 verbose parsed url   search: null,
185 verbose parsed url   query: null,
185 verbose parsed url   pathname: '^1.0.0',
185 verbose parsed url   path: '^1.0.0',
185 verbose parsed url   href: '^1.0.0' }
186 verbose addNamed [ 'tildify', '^1.0.0' ]
187 verbose addNamed [ null, '>=1.0.0-0 <2.0.0-0' ]
188 silly lockFile b323af2b-tildify-1-0-0 tildify@^1.0.0
189 verbose lock tildify@^1.0.0 /home/icalvay/.npm/b323af2b-tildify-1-0-0.lock
190 verbose cache add name="vinyl-fs" spec="^0.3.0" args=["vinyl-fs","^0.3.0"]
191 verbose parsed url { protocol: null,
191 verbose parsed url   slashes: null,
191 verbose parsed url   auth: null,
191 verbose parsed url   host: null,
191 verbose parsed url   port: null,
191 verbose parsed url   hostname: null,
191 verbose parsed url   hash: null,
191 verbose parsed url   search: null,
191 verbose parsed url   query: null,
191 verbose parsed url   pathname: '^0.3.0',
191 verbose parsed url   path: '^0.3.0',
191 verbose parsed url   href: '^0.3.0' }
192 verbose addNamed [ 'vinyl-fs', '^0.3.0' ]
193 verbose addNamed [ null, '>=0.3.0-0 <0.4.0-0' ]
194 silly lockFile f9e5bbec-vinyl-fs-0-3-0 vinyl-fs@^0.3.0
195 verbose lock vinyl-fs@^0.3.0 /home/icalvay/.npm/f9e5bbec-vinyl-fs-0-3-0.lock
196 silly addNameRange { name: 'interpret',
196 silly addNameRange   range: '>=0.3.2-0 <0.4.0-0',
196 silly addNameRange   hasData: false }
197 verbose request where is /deprecated
198 verbose request registry https://registry.npmjs.org/
199 verbose url raw /deprecated
200 verbose url resolving [ 'https://registry.npmjs.org/', './deprecated' ]
201 verbose url resolved https://registry.npmjs.org/deprecated
202 verbose request where is https://registry.npmjs.org/deprecated
203 info trying registry request attempt 1 at 17:29:12
204 http GET https://registry.npmjs.org/deprecated
205 verbose request where is /gulp-util
206 verbose request registry https://registry.npmjs.org/
207 verbose url raw /gulp-util
208 verbose url resolving [ 'https://registry.npmjs.org/', './gulp-util' ]
209 verbose url resolved https://registry.npmjs.org/gulp-util
210 verbose request where is https://registry.npmjs.org/gulp-util
211 info trying registry request attempt 1 at 17:29:12
212 http GET https://registry.npmjs.org/gulp-util
213 silly addNameRange { name: 'liftoff',
213 silly addNameRange   range: '>=0.12.0-0 <0.13.0-0',
213 silly addNameRange   hasData: false }
214 silly addNameRange { name: 'minimist', range: '>=1.1.0-0 <2.0.0-0', hasData: false }
215 verbose request where is /interpret
216 verbose request registry https://registry.npmjs.org/
217 verbose url raw /interpret
218 verbose url resolving [ 'https://registry.npmjs.org/', './interpret' ]
219 verbose url resolved https://registry.npmjs.org/interpret
220 verbose request where is https://registry.npmjs.org/interpret
221 info trying registry request attempt 1 at 17:29:12
222 http GET https://registry.npmjs.org/interpret
223 verbose request where is /liftoff
224 verbose request registry https://registry.npmjs.org/
225 verbose url raw /liftoff
226 verbose url resolving [ 'https://registry.npmjs.org/', './liftoff' ]
227 verbose url resolved https://registry.npmjs.org/liftoff
228 verbose request where is https://registry.npmjs.org/liftoff
229 info trying registry request attempt 1 at 17:29:12
230 http GET https://registry.npmjs.org/liftoff
231 silly addNameRange { name: 'orchestrator',
231 silly addNameRange   range: '>=0.3.0-0 <0.4.0-0',
231 silly addNameRange   hasData: false }
232 silly addNameRange { name: 'pretty-hrtime',
232 silly addNameRange   range: '>=0.2.0-0 <0.3.0-0',
232 silly addNameRange   hasData: false }
233 silly addNameRange { name: 'semver', range: '>=3.0.1-0 <4.0.0-0', hasData: false }
234 silly addNameRange { name: 'vinyl-fs', range: '>=0.3.0-0 <0.4.0-0', hasData: false }
235 silly addNameRange { name: 'tildify', range: '>=1.0.0-0 <2.0.0-0', hasData: false }
236 verbose request where is /orchestrator
237 verbose request registry https://registry.npmjs.org/
238 verbose url raw /orchestrator
239 verbose url resolving [ 'https://registry.npmjs.org/', './orchestrator' ]
240 verbose url resolved https://registry.npmjs.org/orchestrator
241 verbose request where is https://registry.npmjs.org/orchestrator
242 info trying registry request attempt 1 at 17:29:12
243 http GET https://registry.npmjs.org/orchestrator
244 verbose request where is /pretty-hrtime
245 verbose request registry https://registry.npmjs.org/
246 verbose url raw /pretty-hrtime
247 verbose url resolving [ 'https://registry.npmjs.org/', './pretty-hrtime' ]
248 verbose url resolved https://registry.npmjs.org/pretty-hrtime
249 verbose request where is https://registry.npmjs.org/pretty-hrtime
250 info trying registry request attempt 1 at 17:29:12
251 http GET https://registry.npmjs.org/pretty-hrtime
252 verbose request where is /vinyl-fs
253 verbose request registry https://registry.npmjs.org/
254 verbose url raw /vinyl-fs
255 verbose url resolving [ 'https://registry.npmjs.org/', './vinyl-fs' ]
256 verbose url resolved https://registry.npmjs.org/vinyl-fs
257 verbose request where is https://registry.npmjs.org/vinyl-fs
258 info trying registry request attempt 1 at 17:29:12
259 http GET https://registry.npmjs.org/vinyl-fs
260 verbose request where is /tildify
261 verbose request registry https://registry.npmjs.org/
262 verbose url raw /tildify
263 verbose url resolving [ 'https://registry.npmjs.org/', './tildify' ]
264 verbose url resolved https://registry.npmjs.org/tildify
265 verbose request where is https://registry.npmjs.org/tildify
266 info trying registry request attempt 1 at 17:29:12
267 http GET https://registry.npmjs.org/tildify
268 verbose request where is /archy
269 verbose request registry https://registry.npmjs.org/
270 verbose url raw /archy
271 verbose url resolving [ 'https://registry.npmjs.org/', './archy' ]
272 verbose url resolved https://registry.npmjs.org/archy
273 verbose request where is https://registry.npmjs.org/archy
274 info trying registry request attempt 1 at 17:29:12
275 verbose etag "AJTZXMRAQC8S1YVKA00J5PUXN"
276 http GET https://registry.npmjs.org/archy
277 verbose request where is /chalk
278 verbose request registry https://registry.npmjs.org/
279 verbose url raw /chalk
280 verbose url resolving [ 'https://registry.npmjs.org/', './chalk' ]
281 verbose url resolved https://registry.npmjs.org/chalk
282 verbose request where is https://registry.npmjs.org/chalk
283 info trying registry request attempt 1 at 17:29:12
284 verbose etag "C62L4FYN6927D6RKV47Y5PPA8"
285 http GET https://registry.npmjs.org/chalk
286 verbose request where is /minimist
287 verbose request registry https://registry.npmjs.org/
288 verbose url raw /minimist
289 verbose url resolving [ 'https://registry.npmjs.org/', './minimist' ]
290 verbose url resolved https://registry.npmjs.org/minimist
291 verbose request where is https://registry.npmjs.org/minimist
292 info trying registry request attempt 1 at 17:29:12
293 verbose etag "2V7PTG6IUZXDZEG3X8B6KKF51"
294 http GET https://registry.npmjs.org/minimist
295 verbose request where is /semver
296 verbose request registry https://registry.npmjs.org/
297 verbose url raw /semver
298 verbose url resolving [ 'https://registry.npmjs.org/', './semver' ]
299 verbose url resolved https://registry.npmjs.org/semver
300 verbose request where is https://registry.npmjs.org/semver
301 info trying registry request attempt 1 at 17:29:12
302 verbose etag "5E2L6A4Y5PFRNT1948JHTOEPP"
303 http GET https://registry.npmjs.org/semver
304 http 200 https://registry.npmjs.org/interpret
305 silly registry.get cb [ 200,
305 silly registry.get   { date: 'Mon, 08 Sep 2014 22:29:13 GMT',
305 silly registry.get     server: 'CouchDB/1.5.0 (Erlang OTP/R16B03)',
305 silly registry.get     etag: '"AS8PL7R0EAMO4F9DAUNJDP5FN"',
305 silly registry.get     'content-type': 'application/json',
305 silly registry.get     'cache-control': 'max-age=60',
305 silly registry.get     'content-length': '11859',
305 silly registry.get     'accept-ranges': 'bytes',
305 silly registry.get     via: '1.1 varnish',
305 silly registry.get     age: '90',
305 silly registry.get     'x-served-by': 'cache-at105-ATL',
305 silly registry.get     'x-cache': 'HIT',
305 silly registry.get     'x-cache-hits': '1',
305 silly registry.get     'x-timer': 'S1410215353.056812,VS0,VE29',
305 silly registry.get     vary: 'Accept',
305 silly registry.get     'keep-alive': 'timeout=10, max=50',
305 silly registry.get     connection: 'Keep-Alive' } ]
306 silly addNameRange number 2 { name: 'interpret', range: '>=0.3.2-0 <0.4.0-0', hasData: true }
307 silly addNameRange versions [ 'interpret',
307 silly addNameRange   [ '0.1.0',
307 silly addNameRange     '0.2.0',
307 silly addNameRange     '0.3.0',
307 silly addNameRange     '0.3.1',
307 silly addNameRange     '0.3.2',
307 silly addNameRange     '0.3.3',
307 silly addNameRange     '0.3.4',
307 silly addNameRange     '0.3.5',
307 silly addNameRange     '0.3.6' ] ]
308 verbose addNamed [ 'interpret', '0.3.6' ]
309 verbose addNamed [ '0.3.6', '0.3.6' ]
310 silly lockFile a077fef2-interpret-0-3-6 interpret@0.3.6
311 verbose lock interpret@0.3.6 /home/icalvay/.npm/a077fef2-interpret-0-3-6.lock
312 silly lockFile 869a8763-rg-interpret-interpret-0-3-6-tgz https://registry.npmjs.org/interpret/-/interpret-0.3.6.tgz
313 verbose lock https://registry.npmjs.org/interpret/-/interpret-0.3.6.tgz /home/icalvay/.npm/869a8763-rg-interpret-interpret-0-3-6-tgz.lock
314 verbose addRemoteTarball [ 'https://registry.npmjs.org/interpret/-/interpret-0.3.6.tgz',
314 verbose addRemoteTarball   '51b6927f372a92f1e4a2a5af0d14699de9618799' ]
315 info retry fetch attempt 1 at 17:29:13
316 verbose fetch to= /tmp/npm-23280-fecys5NB/registry.npmjs.org/interpret/-/interpret-0.3.6.tgz
317 http GET https://registry.npmjs.org/interpret/-/interpret-0.3.6.tgz
318 http 200 https://registry.npmjs.org/deprecated
319 silly registry.get cb [ 200,
319 silly registry.get   { date: 'Mon, 08 Sep 2014 22:29:13 GMT',
319 silly registry.get     server: 'CouchDB/1.5.0 (Erlang OTP/R16B03)',
319 silly registry.get     etag: '"2AKBIYZ050KRWLMK9TTI79YHU"',
319 silly registry.get     'content-type': 'application/json',
319 silly registry.get     'cache-control': 'max-age=60',
319 silly registry.get     'content-length': '1710',
319 silly registry.get     'accept-ranges': 'bytes',
319 silly registry.get     via: '1.1 varnish',
319 silly registry.get     age: '517',
319 silly registry.get     'x-served-by': 'cache-jfk1028-JFK',
319 silly registry.get     'x-cache': 'HIT',
319 silly registry.get     'x-cache-hits': '1',
319 silly registry.get     'x-timer': 'S1410215353.181216,VS0,VE15',
319 silly registry.get     vary: 'Accept',
319 silly registry.get     'keep-alive': 'timeout=10, max=50',
319 silly registry.get     connection: 'Keep-Alive' } ]
320 silly addNameRange number 2 { name: 'deprecated', range: '=0.0.1', hasData: true }
321 silly addNameRange versions [ 'deprecated', [ '0.0.1' ] ]
322 verbose addNamed [ 'deprecated', '0.0.1' ]
323 verbose addNamed [ '0.0.1', '0.0.1' ]
324 silly lockFile 9bc38d85-deprecated-0-0-1 deprecated@0.0.1
325 verbose lock deprecated@0.0.1 /home/icalvay/.npm/9bc38d85-deprecated-0-0-1.lock
326 silly lockFile 3099fd37--deprecated-deprecated-0-0-1-tgz https://registry.npmjs.org/deprecated/-/deprecated-0.0.1.tgz
327 verbose lock https://registry.npmjs.org/deprecated/-/deprecated-0.0.1.tgz /home/icalvay/.npm/3099fd37--deprecated-deprecated-0-0-1-tgz.lock
328 verbose addRemoteTarball [ 'https://registry.npmjs.org/deprecated/-/deprecated-0.0.1.tgz',
328 verbose addRemoteTarball   'f9c9af5464afa1e7a971458a8bdef2aa94d5bb19' ]
329 info retry fetch attempt 1 at 17:29:13
330 verbose fetch to= /tmp/npm-23280-fecys5NB/registry.npmjs.org/deprecated/-/deprecated-0.0.1.tgz
331 http GET https://registry.npmjs.org/deprecated/-/deprecated-0.0.1.tgz
332 http 200 https://registry.npmjs.org/pretty-hrtime
333 silly registry.get cb [ 200,
333 silly registry.get   { date: 'Mon, 08 Sep 2014 22:29:13 GMT',
333 silly registry.get     server: 'CouchDB/1.5.0 (Erlang OTP/R14B04)',
333 silly registry.get     etag: '"3YWJ7VH9UT024LHPZFB5R6X0T"',
333 silly registry.get     'content-type': 'application/json',
333 silly registry.get     'cache-control': 'max-age=60',
333 silly registry.get     'content-length': '5458',
333 silly registry.get     'accept-ranges': 'bytes',
333 silly registry.get     via: '1.1 varnish',
333 silly registry.get     age: '101',
333 silly registry.get     'x-served-by': 'cache-at105-ATL',
333 silly registry.get     'x-cache': 'HIT',
333 silly registry.get     'x-cache-hits': '2',
333 silly registry.get     'x-timer': 'S1410215353.309822,VS0,VE0',
333 silly registry.get     vary: 'Accept',
333 silly registry.get     'keep-alive': 'timeout=10, max=49',
333 silly registry.get     connection: 'Keep-Alive' } ]
334 silly addNameRange number 2 { name: 'pretty-hrtime',
334 silly addNameRange   range: '>=0.2.0-0 <0.3.0-0',
334 silly addNameRange   hasData: true }
335 silly addNameRange versions [ 'pretty-hrtime', [ '0.2.0', '0.2.1' ] ]
336 verbose addNamed [ 'pretty-hrtime', '0.2.1' ]
337 verbose addNamed [ '0.2.1', '0.2.1' ]
338 silly lockFile f3536b72-pretty-hrtime-0-2-1 pretty-hrtime@0.2.1
339 verbose lock pretty-hrtime@0.2.1 /home/icalvay/.npm/f3536b72-pretty-hrtime-0-2-1.lock
340 silly lockFile 88c71333-y-hrtime-pretty-hrtime-0-2-1-tgz https://registry.npmjs.org/pretty-hrtime/-/pretty-hrtime-0.2.1.tgz
341 verbose lock https://registry.npmjs.org/pretty-hrtime/-/pretty-hrtime-0.2.1.tgz /home/icalvay/.npm/88c71333-y-hrtime-pretty-hrtime-0-2-1-tgz.lock
342 verbose addRemoteTarball [ 'https://registry.npmjs.org/pretty-hrtime/-/pretty-hrtime-0.2.1.tgz',
342 verbose addRemoteTarball   'f341d39215fa5f7bff50af7d8572f8d4ec9d12f6' ]
343 info retry fetch attempt 1 at 17:29:13
344 verbose fetch to= /tmp/npm-23280-fecys5NB/registry.npmjs.org/pretty-hrtime/-/pretty-hrtime-0.2.1.tgz
345 http GET https://registry.npmjs.org/pretty-hrtime/-/pretty-hrtime-0.2.1.tgz
346 http 200 https://registry.npmjs.org/tildify
347 silly registry.get cb [ 200,
347 silly registry.get   { date: 'Mon, 08 Sep 2014 22:29:13 GMT',
347 silly registry.get     server: 'CouchDB/1.5.0 (Erlang OTP/R16B03)',
347 silly registry.get     etag: '"89X2ILT7Q3UDHZYV0BARYEZR0"',
347 silly registry.get     'content-type': 'application/json',
347 silly registry.get     'cache-control': 'max-age=60',
347 silly registry.get     'content-length': '4631',
347 silly registry.get     'accept-ranges': 'bytes',
347 silly registry.get     via: '1.1 varnish',
347 silly registry.get     age: '101',
347 silly registry.get     'x-served-by': 'cache-at105-ATL',
347 silly registry.get     'x-cache': 'HIT',
347 silly registry.get     'x-cache-hits': '2',
347 silly registry.get     'x-timer': 'S1410215353.615130,VS0,VE0',
347 silly registry.get     vary: 'Accept',
347 silly registry.get     'keep-alive': 'timeout=10, max=48',
347 silly registry.get     connection: 'Keep-Alive' } ]
348 silly addNameRange number 2 { name: 'tildify', range: '>=1.0.0-0 <2.0.0-0', hasData: true }
349 silly addNameRange versions [ 'tildify', [ '0.1.0', '0.2.0', '1.0.0' ] ]
350 verbose addNamed [ 'tildify', '1.0.0' ]
351 verbose addNamed [ '1.0.0', '1.0.0' ]
352 silly lockFile b3ebd940-tildify-1-0-0 tildify@1.0.0
353 verbose lock tildify@1.0.0 /home/icalvay/.npm/b3ebd940-tildify-1-0-0.lock
354 silly lockFile e9896527-js-org-tildify-tildify-1-0-0-tgz https://registry.npmjs.org/tildify/-/tildify-1.0.0.tgz
355 verbose lock https://registry.npmjs.org/tildify/-/tildify-1.0.0.tgz /home/icalvay/.npm/e9896527-js-org-tildify-tildify-1-0-0-tgz.lock
356 verbose addRemoteTarball [ 'https://registry.npmjs.org/tildify/-/tildify-1.0.0.tgz',
356 verbose addRemoteTarball   '2a021db5e8fbde0a8f8b4df37adaa8fb1d39d7dd' ]
357 info retry fetch attempt 1 at 17:29:13
358 verbose fetch to= /tmp/npm-23280-fecys5NB/registry.npmjs.org/tildify/-/tildify-1.0.0.tgz
359 http GET https://registry.npmjs.org/tildify/-/tildify-1.0.0.tgz
360 http 200 https://registry.npmjs.org/liftoff
361 silly registry.get cb [ 200,
361 silly registry.get   { date: 'Mon, 08 Sep 2014 22:29:13 GMT',
361 silly registry.get     server: 'CouchDB/1.5.0 (Erlang OTP/R16B03)',
361 silly registry.get     etag: '"597QDYZGLAUN0N53CYMH8ND4P"',
361 silly registry.get     'content-type': 'application/json',
361 silly registry.get     'cache-control': 'max-age=60',
361 silly registry.get     'content-length': '45329',
361 silly registry.get     'accept-ranges': 'bytes',
361 silly registry.get     via: '1.1 varnish',
361 silly registry.get     age: '899',
361 silly registry.get     'x-served-by': 'cache-jfk1026-JFK',
361 silly registry.get     'x-cache': 'HIT',
361 silly registry.get     'x-cache-hits': '1',
361 silly registry.get     'x-timer': 'S1410215353.140982,VS0,VE74',
361 silly registry.get     vary: 'Accept',
361 silly registry.get     'keep-alive': 'timeout=10, max=50',
361 silly registry.get     connection: 'Keep-Alive' } ]
362 silly addNameRange number 2 { name: 'liftoff', range: '>=0.12.0-0 <0.13.0-0', hasData: true }
363 silly addNameRange versions [ 'liftoff',
363 silly addNameRange   [ '0.1.0',
363 silly addNameRange     '0.2.0',
363 silly addNameRange     '0.3.0',
363 silly addNameRange     '0.4.0',
363 silly addNameRange     '0.5.0',
363 silly addNameRange     '0.6.0',
363 silly addNameRange     '0.7.0',
363 silly addNameRange     '0.8.0',
363 silly addNameRange     '0.8.1',
363 silly addNameRange     '0.8.2',
363 silly addNameRange     '0.8.3',
363 silly addNameRange     '0.8.4',
363 silly addNameRange     '0.8.5',
363 silly addNameRange     '0.8.6',
363 silly addNameRange     '0.8.7',
363 silly addNameRange     '0.9.0',
363 silly addNameRange     '0.9.1',
363 silly addNameRange     '0.9.2',
363 silly addNameRange     '0.9.3',
363 silly addNameRange     '0.9.4',
363 silly addNameRange     '0.9.5',
363 silly addNameRange     '0.9.6',
363 silly addNameRange     '0.9.7',
363 silly addNameRange     '0.9.8',
363 silly addNameRange     '0.10.0',
363 silly addNameRange     '0.11.0',
363 silly addNameRange     '0.11.1',
363 silly addNameRange     '0.11.2',
363 silly addNameRange     '0.11.3',
363 silly addNameRange     '0.12.0',
363 silly addNameRange     '0.12.1' ] ]
364 verbose addNamed [ 'liftoff', '0.12.1' ]
365 verbose addNamed [ '0.12.1', '0.12.1' ]
366 silly lockFile 34ec1d38-liftoff-0-12-1 liftoff@0.12.1
367 verbose lock liftoff@0.12.1 /home/icalvay/.npm/34ec1d38-liftoff-0-12-1.lock
368 silly lockFile d814ec3a-s-org-liftoff-liftoff-0-12-1-tgz https://registry.npmjs.org/liftoff/-/liftoff-0.12.1.tgz
369 verbose lock https://registry.npmjs.org/liftoff/-/liftoff-0.12.1.tgz /home/icalvay/.npm/d814ec3a-s-org-liftoff-liftoff-0-12-1-tgz.lock
370 verbose addRemoteTarball [ 'https://registry.npmjs.org/liftoff/-/liftoff-0.12.1.tgz',
370 verbose addRemoteTarball   'bcaa49759c68396b83b984ad0b2d8cc226f9526d' ]
371 info retry fetch attempt 1 at 17:29:13
372 verbose fetch to= /tmp/npm-23280-fecys5NB/registry.npmjs.org/liftoff/-/liftoff-0.12.1.tgz
373 http GET https://registry.npmjs.org/liftoff/-/liftoff-0.12.1.tgz
374 http 200 https://registry.npmjs.org/vinyl-fs
375 silly registry.get cb [ 200,
375 silly registry.get   { date: 'Mon, 08 Sep 2014 22:29:13 GMT',
375 silly registry.get     server: 'CouchDB/1.5.0 (Erlang OTP/R16B03)',
375 silly registry.get     etag: '"8QSQ768FK545V39CMVZXXOIU6"',
375 silly registry.get     'content-type': 'application/json',
375 silly registry.get     'cache-control': 'max-age=60',
375 silly registry.get     'content-length': '30805',
375 silly registry.get     'accept-ranges': 'bytes',
375 silly registry.get     via: '1.1 varnish',
375 silly registry.get     age: '225',
375 silly registry.get     'x-served-by': 'cache-jfk1028-JFK',
375 silly registry.get     'x-cache': 'HIT',
375 silly registry.get     'x-cache-hits': '1',
375 silly registry.get     'x-timer': 'S1410215353.391116,VS0,VE85',
375 silly registry.get     vary: 'Accept',
375 silly registry.get     'keep-alive': 'timeout=10, max=49',
375 silly registry.get     connection: 'Keep-Alive' } ]
376 silly addNameRange number 2 { name: 'vinyl-fs', range: '>=0.3.0-0 <0.4.0-0', hasData: true }
377 silly addNameRange versions [ 'vinyl-fs',
377 silly addNameRange   [ '0.0.1',
377 silly addNameRange     '0.0.2',
377 silly addNameRange     '0.1.0',
377 silly addNameRange     '0.1.1',
377 silly addNameRange     '0.1.2',
377 silly addNameRange     '0.1.3',
377 silly addNameRange     '0.1.4',
377 silly addNameRange     '0.2.0',
377 silly addNameRange     '0.2.1',
377 silly addNameRange     '0.3.0',
377 silly addNameRange     '0.3.1',
377 silly addNameRange     '0.3.2',
377 silly addNameRange     '0.3.3',
377 silly addNameRange     '0.3.4',
377 silly addNameRange     '0.3.5',
377 silly addNameRange     '0.3.6',
377 silly addNameRange     '0.3.7' ] ]
378 verbose addNamed [ 'vinyl-fs', '0.3.7' ]
379 verbose addNamed [ '0.3.7', '0.3.7' ]
380 silly lockFile 3cdd5835-vinyl-fs-0-3-7 vinyl-fs@0.3.7
381 verbose lock vinyl-fs@0.3.7 /home/icalvay/.npm/3cdd5835-vinyl-fs-0-3-7.lock
382 silly lockFile 7f5df04f--org-vinyl-fs-vinyl-fs-0-3-7-tgz https://registry.npmjs.org/vinyl-fs/-/vinyl-fs-0.3.7.tgz
383 verbose lock https://registry.npmjs.org/vinyl-fs/-/vinyl-fs-0.3.7.tgz /home/icalvay/.npm/7f5df04f--org-vinyl-fs-vinyl-fs-0-3-7-tgz.lock
384 verbose addRemoteTarball [ 'https://registry.npmjs.org/vinyl-fs/-/vinyl-fs-0.3.7.tgz',
384 verbose addRemoteTarball   '2e25cfe6df5c80818f97ff417bf5c21a41e4a49b' ]
385 info retry fetch attempt 1 at 17:29:13
386 verbose fetch to= /tmp/npm-23280-fecys5NB/registry.npmjs.org/vinyl-fs/-/vinyl-fs-0.3.7.tgz
387 http GET https://registry.npmjs.org/vinyl-fs/-/vinyl-fs-0.3.7.tgz
388 http 200 https://registry.npmjs.org/gulp-util
389 silly registry.get cb [ 200,
389 silly registry.get   { date: 'Mon, 08 Sep 2014 22:29:13 GMT',
389 silly registry.get     server: 'CouchDB/1.5.0 (Erlang OTP/R16B03)',
389 silly registry.get     etag: '"EBKFS4L9S36JYOK6STMSFXCGX"',
389 silly registry.get     'content-type': 'application/json',
389 silly registry.get     'cache-control': 'max-age=60',
389 silly registry.get     'content-length': '49555',
389 silly registry.get     'accept-ranges': 'bytes',
389 silly registry.get     via: '1.1 varnish',
389 silly registry.get     age: '1575',
389 silly registry.get     'x-served-by': 'cache-jfk1031-JFK',
389 silly registry.get     'x-cache': 'HIT',
389 silly registry.get     'x-cache-hits': '1',
389 silly registry.get     'x-timer': 'S1410215353.226140,VS0,VE0',
389 silly registry.get     vary: 'Accept',
389 silly registry.get     'keep-alive': 'timeout=10, max=50',
389 silly registry.get     connection: 'Keep-Alive' } ]
390 silly addNameRange number 2 { name: 'gulp-util', range: '>=3.0.0-0 <4.0.0-0', hasData: true }
391 silly addNameRange versions [ 'gulp-util',
391 silly addNameRange   [ '0.0.1',
391 silly addNameRange     '1.0.0',
391 silly addNameRange     '1.1.0',
391 silly addNameRange     '1.1.1',
391 silly addNameRange     '1.2.0',
391 silly addNameRange     '1.3.0',
391 silly addNameRange     '2.0.0',
391 silly addNameRange     '2.1.1',
391 silly addNameRange     '2.1.2',
391 silly addNameRange     '2.1.3',
391 silly addNameRange     '2.1.4',
391 silly addNameRange     '2.2.0',
391 silly addNameRange     '2.2.1',
391 silly addNameRange     '2.2.2',
391 silly addNameRange     '2.2.3',
391 silly addNameRange     '2.2.5',
391 silly addNameRange     '2.2.6',
391 silly addNameRange     '2.2.7',
391 silly addNameRange     '2.2.8',
391 silly addNameRange     '2.2.9',
391 silly addNameRange     '2.2.10',
391 silly addNameRange     '2.2.11',
391 silly addNameRange     '2.2.12',
391 silly addNameRange     '2.2.13',
391 silly addNameRange     '2.2.14',
391 silly addNameRange     '2.2.15',
391 silly addNameRange     '2.2.16',
391 silly addNameRange     '2.2.17',
391 silly addNameRange     '2.2.18',
391 silly addNameRange     '2.2.19',
391 silly addNameRange     '2.2.20',
391 silly addNameRange     '3.0.0',
391 silly addNameRange     '3.0.1' ] ]
392 verbose addNamed [ 'gulp-util', '3.0.1' ]
393 verbose addNamed [ '3.0.1', '3.0.1' ]
394 silly lockFile ea8d3cdd-gulp-util-3-0-1 gulp-util@3.0.1
395 verbose lock gulp-util@3.0.1 /home/icalvay/.npm/ea8d3cdd-gulp-util-3-0-1.lock
396 silly lockFile 23aaf308-rg-gulp-util-gulp-util-3-0-1-tgz https://registry.npmjs.org/gulp-util/-/gulp-util-3.0.1.tgz
397 verbose lock https://registry.npmjs.org/gulp-util/-/gulp-util-3.0.1.tgz /home/icalvay/.npm/23aaf308-rg-gulp-util-gulp-util-3-0-1-tgz.lock
398 verbose addRemoteTarball [ 'https://registry.npmjs.org/gulp-util/-/gulp-util-3.0.1.tgz',
398 verbose addRemoteTarball   '8214894d05c2bb6cc7f5544918a51ddf88180f00' ]
399 info retry fetch attempt 1 at 17:29:13
400 verbose fetch to= /tmp/npm-23280-fecys5NB/registry.npmjs.org/gulp-util/-/gulp-util-3.0.1.tgz
401 http GET https://registry.npmjs.org/gulp-util/-/gulp-util-3.0.1.tgz
402 http 304 https://registry.npmjs.org/archy
403 silly registry.get cb [ 304,
403 silly registry.get   { date: 'Mon, 08 Sep 2014 22:29:13 GMT',
403 silly registry.get     server: 'Apache',
403 silly registry.get     via: '1.1 varnish',
403 silly registry.get     'last-modified': 'Mon, 08 Sep 2014 22:29:13 GMT',
403 silly registry.get     'cache-control': 'max-age=60',
403 silly registry.get     etag: '"AJTZXMRAQC8S1YVKA00J5PUXN"',
403 silly registry.get     'x-served-by': 'cache-at105-ATL',
403 silly registry.get     'x-cache': 'HIT',
403 silly registry.get     'x-cache-hits': '1',
403 silly registry.get     'x-timer': 'S1410215353.774535,VS0,VE21',
403 silly registry.get     vary: 'Accept',
403 silly registry.get     'content-length': '0',
403 silly registry.get     'keep-alive': 'timeout=10, max=47',
403 silly registry.get     connection: 'Keep-Alive' } ]
404 verbose etag https://registry.npmjs.org/archy from cache
405 silly addNameRange number 2 { name: 'archy', range: '=0.0.2', hasData: true }
406 silly addNameRange versions [ 'archy', [ '0.0.0', '0.0.1', '0.0.2' ] ]
407 verbose addNamed [ 'archy', '0.0.2' ]
408 verbose addNamed [ '0.0.2', '0.0.2' ]
409 silly lockFile c97e9070-archy-0-0-2 archy@0.0.2
410 verbose lock archy@0.0.2 /home/icalvay/.npm/c97e9070-archy-0-0-2.lock
411 silly lockFile c97e9070-archy-0-0-2 archy@0.0.2
412 silly lockFile c97e9070-archy-0-0-2 archy@0.0.2
413 silly lockFile bdbf708d-archy-0-0-2 archy@^0.0.2
414 silly lockFile bdbf708d-archy-0-0-2 archy@^0.0.2
415 http 304 https://registry.npmjs.org/chalk
416 silly registry.get cb [ 304,
416 silly registry.get   { date: 'Mon, 08 Sep 2014 22:29:13 GMT',
416 silly registry.get     server: 'Apache',
416 silly registry.get     via: '1.1 varnish',
416 silly registry.get     'last-modified': 'Mon, 08 Sep 2014 22:29:07 GMT',
416 silly registry.get     'cache-control': 'max-age=60',
416 silly registry.get     etag: '"C62L4FYN6927D6RKV47Y5PPA8"',
416 silly registry.get     'x-served-by': 'cache-jfk1026-JFK',
416 silly registry.get     'x-cache': 'HIT',
416 silly registry.get     'x-cache-hits': '3',
416 silly registry.get     'x-timer': 'S1410215353.860089,VS0,VE0',
416 silly registry.get     vary: 'Accept',
416 silly registry.get     'content-length': '0',
416 silly registry.get     'keep-alive': 'timeout=10, max=49',
416 silly registry.get     connection: 'Keep-Alive' } ]
417 verbose etag https://registry.npmjs.org/chalk from cache
418 silly addNameRange number 2 { name: 'chalk', range: '>=0.5.0-0 <0.6.0-0', hasData: true }
419 silly addNameRange versions [ 'chalk',
419 silly addNameRange   [ '0.1.0',
419 silly addNameRange     '0.1.1',
419 silly addNameRange     '0.2.0',
419 silly addNameRange     '0.2.1',
419 silly addNameRange     '0.3.0',
419 silly addNameRange     '0.4.0',
419 silly addNameRange     '0.5.0',
419 silly addNameRange     '0.5.1' ] ]
420 verbose addNamed [ 'chalk', '0.5.1' ]
421 verbose addNamed [ '0.5.1', '0.5.1' ]
422 silly lockFile c28973bb-chalk-0-5-1 chalk@0.5.1
423 verbose lock chalk@0.5.1 /home/icalvay/.npm/c28973bb-chalk-0-5-1.lock
424 silly lockFile c28973bb-chalk-0-5-1 chalk@0.5.1
425 silly lockFile c28973bb-chalk-0-5-1 chalk@0.5.1
426 silly lockFile c513ee84-chalk-0-5-0 chalk@^0.5.0
427 silly lockFile c513ee84-chalk-0-5-0 chalk@^0.5.0
428 http 304 https://registry.npmjs.org/minimist
429 silly registry.get cb [ 304,
429 silly registry.get   { date: 'Mon, 08 Sep 2014 22:29:13 GMT',
429 silly registry.get     server: 'Apache',
429 silly registry.get     via: '1.1 varnish',
429 silly registry.get     'last-modified': 'Mon, 08 Sep 2014 22:28:47 GMT',
429 silly registry.get     'cache-control': 'max-age=60',
429 silly registry.get     etag: '"2V7PTG6IUZXDZEG3X8B6KKF51"',
429 silly registry.get     'x-served-by': 'cache-jfk1028-JFK',
429 silly registry.get     'x-cache': 'HIT',
429 silly registry.get     'x-cache-hits': '2',
429 silly registry.get     'x-timer': 'S1410215353.936316,VS0,VE0',
429 silly registry.get     vary: 'Accept',
429 silly registry.get     'content-length': '0',
429 silly registry.get     'keep-alive': 'timeout=10, max=48',
429 silly registry.get     connection: 'Keep-Alive' } ]
430 verbose etag https://registry.npmjs.org/minimist from cache
431 silly addNameRange number 2 { name: 'minimist', range: '>=1.1.0-0 <2.0.0-0', hasData: true }
432 silly addNameRange versions [ 'minimist',
432 silly addNameRange   [ '0.0.0',
432 silly addNameRange     '0.0.1',
432 silly addNameRange     '0.0.2',
432 silly addNameRange     '0.0.3',
432 silly addNameRange     '0.0.4',
432 silly addNameRange     '0.0.5',
432 silly addNameRange     '0.0.6',
432 silly addNameRange     '0.0.7',
432 silly addNameRange     '0.0.8',
432 silly addNameRange     '0.0.9',
432 silly addNameRange     '0.0.10',
432 silly addNameRange     '0.1.0',
432 silly addNameRange     '0.2.0',
432 silly addNameRange     '1.0.0',
432 silly addNameRange     '1.1.0' ] ]
433 verbose addNamed [ 'minimist', '1.1.0' ]
434 verbose addNamed [ '1.1.0', '1.1.0' ]
435 silly lockFile f1c95b3a-minimist-1-1-0 minimist@1.1.0
436 verbose lock minimist@1.1.0 /home/icalvay/.npm/f1c95b3a-minimist-1-1-0.lock
437 silly lockFile f1c95b3a-minimist-1-1-0 minimist@1.1.0
438 silly lockFile f1c95b3a-minimist-1-1-0 minimist@1.1.0
439 silly lockFile b7cda548-minimist-1-1-0 minimist@^1.1.0
440 silly lockFile b7cda548-minimist-1-1-0 minimist@^1.1.0
441 http 304 https://registry.npmjs.org/semver
442 silly registry.get cb [ 304,
442 silly registry.get   { date: 'Mon, 08 Sep 2014 22:29:14 GMT',
442 silly registry.get     server: 'Apache',
442 silly registry.get     via: '1.1 varnish',
442 silly registry.get     'last-modified': 'Mon, 08 Sep 2014 22:29:11 GMT',
442 silly registry.get     'cache-control': 'max-age=60',
442 silly registry.get     etag: '"5E2L6A4Y5PFRNT1948JHTOEPP"',
442 silly registry.get     'x-served-by': 'cache-jfk1031-JFK',
442 silly registry.get     'x-cache': 'HIT',
442 silly registry.get     'x-cache-hits': '2',
442 silly registry.get     'x-timer': 'S1410215354.004138,VS0,VE0',
442 silly registry.get     vary: 'Accept',
442 silly registry.get     'content-length': '0',
442 silly registry.get     'keep-alive': 'timeout=10, max=49',
442 silly registry.get     connection: 'Keep-Alive' } ]
443 verbose etag https://registry.npmjs.org/semver from cache
444 silly addNameRange number 2 { name: 'semver', range: '>=3.0.1-0 <4.0.0-0', hasData: true }
445 silly addNameRange versions [ 'semver',
445 silly addNameRange   [ '1.0.0',
445 silly addNameRange     '1.0.1',
445 silly addNameRange     '1.0.2',
445 silly addNameRange     '1.0.3',
445 silly addNameRange     '1.0.4',
445 silly addNameRange     '1.0.5',
445 silly addNameRange     '1.0.6',
445 silly addNameRange     '1.0.7',
445 silly addNameRange     '1.0.8',
445 silly addNameRange     '1.0.9',
445 silly addNameRange     '1.0.10',
445 silly addNameRange     '1.0.11',
445 silly addNameRange     '1.0.12',
445 silly addNameRange     '1.0.13',
445 silly addNameRange     '1.0.14',
445 silly addNameRange     '1.1.0',
445 silly addNameRange     '1.1.1',
445 silly addNameRange     '1.1.2',
445 silly addNameRange     '1.1.3',
445 silly addNameRange     '1.1.4',
445 silly addNameRange     '2.0.0-alpha',
445 silly addNameRange     '2.0.0-beta',
445 silly addNameRange     '2.0.1',
445 silly addNameRange     '2.0.2',
445 silly addNameRange     '2.0.3',
445 silly addNameRange     '2.0.4',
445 silly addNameRange     '2.0.5',
445 silly addNameRange     '2.0.6',
445 silly addNameRange     '2.0.7',
445 silly addNameRange     '2.0.8',
445 silly addNameRange     '2.0.9',
445 silly addNameRange     '2.0.10',
445 silly addNameRange     '2.0.11',
445 silly addNameRange     '2.1.0',
445 silly addNameRange     '2.2.0',
445 silly addNameRange     '2.2.1',
445 silly addNameRange     '2.3.0',
445 silly addNameRange     '2.3.1',
445 silly addNameRange     '2.3.2',
445 silly addNameRange     '3.0.0',
445 silly addNameRange     '3.0.1' ] ]
446 verbose addNamed [ 'semver', '3.0.1' ]
447 verbose addNamed [ '3.0.1', '3.0.1' ]
448 silly lockFile b55423e7-semver-3-0-1 semver@3.0.1
449 verbose lock semver@3.0.1 /home/icalvay/.npm/b55423e7-semver-3-0-1.lock
450 silly lockFile 53939b90-pmjs-org-semver-semver-3-0-1-tgz https://registry.npmjs.org/semver/-/semver-3.0.1.tgz
451 verbose lock https://registry.npmjs.org/semver/-/semver-3.0.1.tgz /home/icalvay/.npm/53939b90-pmjs-org-semver-semver-3-0-1-tgz.lock
452 verbose addRemoteTarball [ 'https://registry.npmjs.org/semver/-/semver-3.0.1.tgz',
452 verbose addRemoteTarball   '720ac012515a252f91fb0dd2e99a56a70d6cf078' ]
453 info retry fetch attempt 1 at 17:29:14
454 verbose fetch to= /tmp/npm-23280-fecys5NB/registry.npmjs.org/semver/-/semver-3.0.1.tgz
455 http GET https://registry.npmjs.org/semver/-/semver-3.0.1.tgz
456 http 200 https://registry.npmjs.org/orchestrator
457 silly registry.get cb [ 200,
457 silly registry.get   { date: 'Mon, 08 Sep 2014 22:29:13 GMT',
457 silly registry.get     server: 'CouchDB/1.5.0 (Erlang OTP/R16B03)',
457 silly registry.get     etag: '"AX0AC567ULXO39R3DBZHXRBAJ"',
457 silly registry.get     'content-type': 'application/json',
457 silly registry.get     'cache-control': 'max-age=60',
457 silly registry.get     'content-length': '30991',
457 silly registry.get     'accept-ranges': 'bytes',
457 silly registry.get     via: '1.1 varnish',
457 silly registry.get     age: '299',
457 silly registry.get     'x-served-by': 'cache-jfk1020-JFK',
457 silly registry.get     'x-cache': 'HIT',
457 silly registry.get     'x-cache-hits': '1',
457 silly registry.get     'x-timer': 'S1410215353.387502,VS0,VE356',
457 silly registry.get     vary: 'Accept',
457 silly registry.get     'keep-alive': 'timeout=10, max=50',
457 silly registry.get     connection: 'Keep-Alive' } ]
458 silly addNameRange number 2 { name: 'orchestrator',
458 silly addNameRange   range: '>=0.3.0-0 <0.4.0-0',
458 silly addNameRange   hasData: true }
459 silly addNameRange versions [ 'orchestrator',
459 silly addNameRange   [ '0.0.2',
459 silly addNameRange     '0.0.3',
459 silly addNameRange     '0.0.4',
459 silly addNameRange     '0.0.5',
459 silly addNameRange     '0.0.6',
459 silly addNameRange     '0.0.7',
459 silly addNameRange     '0.0.8',
459 silly addNameRange     '0.1.0',
459 silly addNameRange     '0.2.0',
459 silly addNameRange     '0.2.1',
459 silly addNameRange     '0.3.0',
459 silly addNameRange     '0.3.1',
459 silly addNameRange     '0.3.3',
459 silly addNameRange     '0.3.4',
459 silly addNameRange     '0.3.5',
459 silly addNameRange     '0.3.6',
459 silly addNameRange     '0.3.7' ] ]
460 verbose addNamed [ 'orchestrator', '0.3.7' ]
461 verbose addNamed [ '0.3.7', '0.3.7' ]
462 silly lockFile 990cd2ee-orchestrator-0-3-7 orchestrator@0.3.7
463 verbose lock orchestrator@0.3.7 /home/icalvay/.npm/990cd2ee-orchestrator-0-3-7.lock
464 silly lockFile 902b5dc2-hestrator-orchestrator-0-3-7-tgz https://registry.npmjs.org/orchestrator/-/orchestrator-0.3.7.tgz
465 verbose lock https://registry.npmjs.org/orchestrator/-/orchestrator-0.3.7.tgz /home/icalvay/.npm/902b5dc2-hestrator-orchestrator-0-3-7-tgz.lock
466 verbose addRemoteTarball [ 'https://registry.npmjs.org/orchestrator/-/orchestrator-0.3.7.tgz',
466 verbose addRemoteTarball   'c45064e22c5a2a7b99734f409a95ffedc7d3c3df' ]
467 info retry fetch attempt 1 at 17:29:14
468 verbose fetch to= /tmp/npm-23280-fecys5NB/registry.npmjs.org/orchestrator/-/orchestrator-0.3.7.tgz
469 http GET https://registry.npmjs.org/orchestrator/-/orchestrator-0.3.7.tgz
470 http 200 https://registry.npmjs.org/deprecated/-/deprecated-0.0.1.tgz
471 silly lockFile 3099fd37--deprecated-deprecated-0-0-1-tgz https://registry.npmjs.org/deprecated/-/deprecated-0.0.1.tgz
472 silly lockFile 3099fd37--deprecated-deprecated-0-0-1-tgz https://registry.npmjs.org/deprecated/-/deprecated-0.0.1.tgz
473 silly lockFile 9bc38d85-deprecated-0-0-1 deprecated@0.0.1
474 silly lockFile 9bc38d85-deprecated-0-0-1 deprecated@0.0.1
475 silly lockFile 0e32a569-deprecated-0-0-1 deprecated@^0.0.1
476 silly lockFile 0e32a569-deprecated-0-0-1 deprecated@^0.0.1
477 http 200 https://registry.npmjs.org/interpret/-/interpret-0.3.6.tgz
478 silly lockFile 869a8763-rg-interpret-interpret-0-3-6-tgz https://registry.npmjs.org/interpret/-/interpret-0.3.6.tgz
479 silly lockFile 869a8763-rg-interpret-interpret-0-3-6-tgz https://registry.npmjs.org/interpret/-/interpret-0.3.6.tgz
480 silly lockFile a077fef2-interpret-0-3-6 interpret@0.3.6
481 silly lockFile a077fef2-interpret-0-3-6 interpret@0.3.6
482 silly lockFile e5ecc112-interpret-0-3-2 interpret@^0.3.2
483 silly lockFile e5ecc112-interpret-0-3-2 interpret@^0.3.2
484 http 200 https://registry.npmjs.org/pretty-hrtime/-/pretty-hrtime-0.2.1.tgz
485 silly lockFile 88c71333-y-hrtime-pretty-hrtime-0-2-1-tgz https://registry.npmjs.org/pretty-hrtime/-/pretty-hrtime-0.2.1.tgz
486 silly lockFile 88c71333-y-hrtime-pretty-hrtime-0-2-1-tgz https://registry.npmjs.org/pretty-hrtime/-/pretty-hrtime-0.2.1.tgz
487 silly lockFile f3536b72-pretty-hrtime-0-2-1 pretty-hrtime@0.2.1
488 silly lockFile f3536b72-pretty-hrtime-0-2-1 pretty-hrtime@0.2.1
489 silly lockFile 3ac7556f-pretty-hrtime-0-2-0 pretty-hrtime@^0.2.0
490 silly lockFile 3ac7556f-pretty-hrtime-0-2-0 pretty-hrtime@^0.2.0
491 http 200 https://registry.npmjs.org/vinyl-fs/-/vinyl-fs-0.3.7.tgz
492 silly lockFile 7f5df04f--org-vinyl-fs-vinyl-fs-0-3-7-tgz https://registry.npmjs.org/vinyl-fs/-/vinyl-fs-0.3.7.tgz
493 silly lockFile 7f5df04f--org-vinyl-fs-vinyl-fs-0-3-7-tgz https://registry.npmjs.org/vinyl-fs/-/vinyl-fs-0.3.7.tgz
494 silly lockFile 3cdd5835-vinyl-fs-0-3-7 vinyl-fs@0.3.7
495 silly lockFile 3cdd5835-vinyl-fs-0-3-7 vinyl-fs@0.3.7
496 silly lockFile f9e5bbec-vinyl-fs-0-3-0 vinyl-fs@^0.3.0
497 silly lockFile f9e5bbec-vinyl-fs-0-3-0 vinyl-fs@^0.3.0
498 http 200 https://registry.npmjs.org/gulp-util/-/gulp-util-3.0.1.tgz
499 silly lockFile 23aaf308-rg-gulp-util-gulp-util-3-0-1-tgz https://registry.npmjs.org/gulp-util/-/gulp-util-3.0.1.tgz
500 silly lockFile 23aaf308-rg-gulp-util-gulp-util-3-0-1-tgz https://registry.npmjs.org/gulp-util/-/gulp-util-3.0.1.tgz
501 silly lockFile ea8d3cdd-gulp-util-3-0-1 gulp-util@3.0.1
502 silly lockFile ea8d3cdd-gulp-util-3-0-1 gulp-util@3.0.1
503 silly lockFile dfa9a863-gulp-util-3-0-0 gulp-util@^3.0.0
504 silly lockFile dfa9a863-gulp-util-3-0-0 gulp-util@^3.0.0
505 http 200 https://registry.npmjs.org/tildify/-/tildify-1.0.0.tgz
506 silly lockFile e9896527-js-org-tildify-tildify-1-0-0-tgz https://registry.npmjs.org/tildify/-/tildify-1.0.0.tgz
507 silly lockFile e9896527-js-org-tildify-tildify-1-0-0-tgz https://registry.npmjs.org/tildify/-/tildify-1.0.0.tgz
508 silly lockFile b3ebd940-tildify-1-0-0 tildify@1.0.0
509 silly lockFile b3ebd940-tildify-1-0-0 tildify@1.0.0
510 silly lockFile b323af2b-tildify-1-0-0 tildify@^1.0.0
511 silly lockFile b323af2b-tildify-1-0-0 tildify@^1.0.0
512 http 200 https://registry.npmjs.org/semver/-/semver-3.0.1.tgz
513 http 200 https://registry.npmjs.org/orchestrator/-/orchestrator-0.3.7.tgz
514 silly lockFile 902b5dc2-hestrator-orchestrator-0-3-7-tgz https://registry.npmjs.org/orchestrator/-/orchestrator-0.3.7.tgz
515 silly lockFile 902b5dc2-hestrator-orchestrator-0-3-7-tgz https://registry.npmjs.org/orchestrator/-/orchestrator-0.3.7.tgz
516 silly lockFile 990cd2ee-orchestrator-0-3-7 orchestrator@0.3.7
517 silly lockFile 990cd2ee-orchestrator-0-3-7 orchestrator@0.3.7
518 silly lockFile 74d9c599-orchestrator-0-3-0 orchestrator@^0.3.0
519 silly lockFile 74d9c599-orchestrator-0-3-0 orchestrator@^0.3.0
520 http 200 https://registry.npmjs.org/liftoff/-/liftoff-0.12.1.tgz
521 silly lockFile 53939b90-pmjs-org-semver-semver-3-0-1-tgz https://registry.npmjs.org/semver/-/semver-3.0.1.tgz
522 silly lockFile 53939b90-pmjs-org-semver-semver-3-0-1-tgz https://registry.npmjs.org/semver/-/semver-3.0.1.tgz
523 silly lockFile b55423e7-semver-3-0-1 semver@3.0.1
524 silly lockFile b55423e7-semver-3-0-1 semver@3.0.1
525 silly lockFile d12809aa-semver-3-0-1 semver@^3.0.1
526 silly lockFile d12809aa-semver-3-0-1 semver@^3.0.1
527 verbose about to build /www/4Rest/node_modules/gulp
528 verbose node_modules/gulp unbuild
529 info preuninstall gulp@3.8.8
530 info uninstall gulp@3.8.8
531 verbose true,/www/4Rest/node_modules,/www/4Rest/node_modules unbuild gulp@3.8.8
532 verbose /www/4Rest/node_modules/.bin,[object Object] binRoot
533 info postuninstall gulp@3.8.8
534 error Error: EACCES, mkdir '/home/icalvay/.npm/semver/3.0.1'
534 error  { [Error: EACCES, mkdir '/home/icalvay/.npm/semver/3.0.1']
534 error   errno: 3,
534 error   code: 'EACCES',
534 error   path: '/home/icalvay/.npm/semver/3.0.1',
534 error   parent: 'gulp' }
535 error Please try running this command again as root/Administrator.
536 error System Linux 3.13.0-35-generic
537 error command "/usr/bin/node" "/usr/bin/npm" "install" "--save-dev" "gulp"
538 error cwd /www/4Rest
539 error node -v v0.10.31
540 error npm -v 1.4.23
541 error path /home/icalvay/.npm/semver/3.0.1
542 error code EACCES
543 error errno 3
544 error stack Error: EACCES, mkdir '/home/icalvay/.npm/semver/3.0.1'
545 verbose exit [ 3, true ]
